Hmm ... looks like a package

This is pdfTeX, Version 3.1415926-2.4-1.40.13 (TeX Live 2012)
 restricted \write18 enabled.
entering extended mode

(/private/var/folders/7k/6j77__7n6kz0st6bphc3hn080000gn/T/RtmpCrqkK5/Rd2pdf7351
6d1969ee/Rd2.tex
LaTeX2e <2011/06/27>
Babel <v3.8m> and hyphenation patterns for english, dumylang, nohyphenation, ge
rman-x-2012-05-30, ngerman-x-2012-05-30, afrikaans, ancientgreek, ibycus, arabi
c, armenian, basque, bulgarian, catalan, pinyin, coptic, croatian, czech, danis
h, dutch, ukenglish, usenglishmax, esperanto, estonian, ethiopic, farsi, finnis
h, french, friulan, galician, german, ngerman, swissgerman, monogreek, greek, h
ungarian, icelandic, assamese, bengali, gujarati, hindi, kannada, malayalam, ma
rathi, oriya, panjabi, tamil, telugu, indonesian, interlingua, irish, italian, 
kurmanji, latin, latvian, lithuanian, mongolian, mongolianlmc, bokmal, nynorsk,
 polish, portuguese, romanian, romansh, russian, sanskrit, serbian, serbianc, s
lovak, slovenian, spanish, swedish, turkish, turkmen, ukrainian, uppersorbian, 
welsh, loaded.

(/usr/local/texlive/2012/texmf-dist/tex/latex/base/book.cls
Document Class: book 2007/10/19 v1.4h Standard LaTeX document class
(/usr/local/texlive/2012/texmf-dist/tex/latex/base/bk10.clo))
(/Library/Frameworks/R.framework/Resources/share/texmf/tex/latex/Rd.sty
(/usr/local/texlive/2012/texmf-dist/tex/latex/base/ifthen.sty)
(/usr/local/texlive/2012/texmf-dist/tex/latex/tools/longtable.sty)
(/usr/local/texlive/2012/texmf-dist/tex/latex/tools/bm.sty)
(/usr/local/texlive/2012/texmf-dist/tex/latex/base/alltt.sty)
(/usr/local/texlive/2012/texmf-dist/tex/latex/tools/verbatim.sty)
(/usr/local/texlive/2012/texmf-dist/tex/latex/url/url.sty)
(/usr/local/texlive/2012/texmf-dist/tex/latex/base/textcomp.sty
(/usr/local/texlive/2012/texmf-dist/tex/latex/base/ts1enc.def))
(/usr/local/texlive/2012/texmf-dist/tex/latex/base/fontenc.sty
(/usr/local/texlive/2012/texmf-dist/tex/latex/base/t1enc.def))
(/usr/local/texlive/2012/texmf-dist/tex/latex/psnfss/times.sty)
(/usr/local/texlive/2012/texmf-dist/tex/latex/inconsolata/inconsolata.sty
(/usr/local/texlive/2012/texmf-dist/tex/latex/graphics/keyval.sty))
(/usr/local/texlive/2012/texmf-dist/tex/latex/graphics/color.sty
(/usr/local/texlive/2012/texmf-dist/tex/latex/latexconfig/color.cfg)
(/usr/local/texlive/2012/texmf-dist/tex/latex/pdftex-def/pdftex.def
(/usr/local/texlive/2012/texmf-dist/tex/generic/oberdiek/infwarerr.sty)
(/usr/local/texlive/2012/texmf-dist/tex/generic/oberdiek/ltxcmds.sty)))
(/usr/local/texlive/2012/texmf-dist/tex/latex/hyperref/hyperref.sty
(/usr/local/texlive/2012/texmf-dist/tex/generic/oberdiek/hobsub-hyperref.sty
(/usr/local/texlive/2012/texmf-dist/tex/generic/oberdiek/hobsub-generic.sty))
(/usr/local/texlive/2012/texmf-dist/tex/generic/ifxetex/ifxetex.sty)
(/usr/local/texlive/2012/texmf-dist/tex/latex/oberdiek/kvoptions.sty)
(/usr/local/texlive/2012/texmf-dist/tex/latex/hyperref/pd1enc.def)
(/usr/local/texlive/2012/texmf-dist/tex/latex/latexconfig/hyperref.cfg))

Package hyperref Message: Driver (autodetected): hpdftex.

(/usr/local/texlive/2012/texmf-dist/tex/latex/hyperref/hpdftex.def
(/usr/local/texlive/2012/texmf-dist/tex/latex/oberdiek/rerunfilecheck.sty))

Package hyperref Warning: Option `hyperindex' has already been used,
(hyperref)                setting the option has no effect on input line 361.


Package hyperref Warning: Option `pagebackref' has already been used,
(hyperref)                setting the option has no effect on input line 361.

) (/usr/local/texlive/2012/texmf-dist/tex/latex/base/makeidx.sty)
(/usr/local/texlive/2012/texmf-dist/tex/latex/base/inputenc.sty
(/usr/local/texlive/2012/texmf-dist/tex/latex/base/utf8.def
(/usr/local/texlive/2012/texmf-dist/tex/latex/base/t1enc.dfu)
(/usr/local/texlive/2012/texmf-dist/tex/latex/base/ot1enc.dfu)
(/usr/local/texlive/2012/texmf-dist/tex/latex/base/omsenc.dfu)
(/usr/local/texlive/2012/texmf-dist/tex/latex/base/ts1enc.dfu))
(/usr/local/texlive/2012/texmf-dist/tex/latex/base/latin1.def))
Writing index file Rd2.idx
No file Rd2.aux.
(/usr/local/texlive/2012/texmf-dist/tex/latex/base/ts1cmr.fd)
(/usr/local/texlive/2012/texmf-dist/tex/latex/psnfss/t1ptm.fd)
(/usr/local/texlive/2012/texmf-dist/tex/context/base/supp-pdf.mkii
[Loading MPS to PDF converter (version 2006.09.02).]
) (/usr/local/texlive/2012/texmf-dist/tex/latex/hyperref/nameref.sty
(/usr/local/texlive/2012/texmf-dist/tex/generic/oberdiek/gettitlestring.sty))
(/usr/local/texlive/2012/texmf-dist/tex/latex/inconsolata/t1fi4.fd)
(/usr/local/texlive/2012/texmf-dist/tex/latex/psnfss/t1phv.fd)
(/usr/local/texlive/2012/texmf-dist/tex/latex/base/utf8.def) [1{/usr/local/texl
ive/2012/texmf-var/fonts/map/pdftex/updmap/pdftex.map}]
(/usr/local/texlive/2012/texmf-dist/tex/latex/base/utf8.def) [2]
Overfull \hbox (50.9077pt too wide) in paragraph at lines 144--147
[]\T1/ptm/m/n/10 Character. ("near-est"|"average"|"gauss"|"cubic"|"average_mp"|
"average_magphase"|"mode")
[3] (/usr/local/texlive/2012/texmf-dist/tex/latex/inconsolata/ts1fi4.fd)
(/usr/local/texlive/2012/texmf-dist/tex/latex/base/utf8.def)
Overfull \hbox (4.78088pt too wide) in paragraph at lines 229--229
 []\T1/fi4/m/n/10 gdalbuildvrt(gdalfile, output.vrt, tileindex, resolution, te,
 tr, tap, separate,[] 
[4] [5] (/usr/local/texlive/2012/texmf-dist/tex/latex/base/utf8.def) [6]
Overfull \hbox (0.19722pt too wide) in paragraph at lines 433--435
[]\T1/ptm/m/n/10 Character. ("hillshade"|"slope"|"aspect"|"color-relief"|"TRI"|
"TPI"|"roughness") 
[7]
Overfull \hbox (8.18913pt too wide) in paragraph at lines 561--564
[]\T1/ptm/m/n/10 Jonathan A. Green-berg (\T1/fi4/m/n/10 <gdalUtils@estarcion.ne
t>\T1/ptm/m/n/10 ) (wrap-per) and Matthew Perry, Even Rouault,
[8] (/usr/local/texlive/2012/texmf-dist/tex/latex/base/utf8.def) [9] [10]
(/usr/local/texlive/2012/texmf-dist/tex/latex/base/utf8.def) [11]
Overfull \hbox (151.8257pt too wide) in paragraph at lines 813--815
[]\T1/ptm/m/n/10 Character. Out-put type ("de-fault"|"all"|"wkt_all"|"proj4"|"w
kt"|"wkt_simple"|"wkt_noct"|"wkt_esri"|"mapinfo"|"xml") 
[12] (/usr/local/texlive/2012/texmf-dist/tex/latex/base/utf8.def)
Overfull \hbox (1.84784pt too wide) in paragraph at lines 909--915
\T1/ptm/m/n/10 passed are any-thing sup-ported by the OGRSpa-tial-Ref-er-ence.S
etFromUserInput()
[13]
Overfull \hbox (84.3066pt too wide) in paragraph at lines 979--982
[]\T1/ptm/m/n/10 Character. re-sam-pling_method. ("near"|"bilinear"|"cubic"|"cu
bicspline"|"lanczos"|"average"|"mode")
[14] [15] (/usr/local/texlive/2012/texmf-dist/tex/latex/base/utf8.def)
Overfull \hbox (18.82602pt too wide) in paragraph at lines 1162--1170
[]\T1/ptm/m/n/10 By de-fault, the GDAL com-mands will use the in-stal-la-tion f
ound at getOp-tion("gdalUtils_gdalPath")[[1]],
[16] (/usr/local/texlive/2012/texmf-dist/tex/latex/base/utf8.def) [17]
Overfull \hbox (28.15579pt too wide) in paragraph at lines 1252--1259
\T1/ptm/m/n/10 the gdal_installation_id can be used to set a dif-fer-ent in-sta
ll. This is of-ten used with gdal_chooseInstallation
[18] (/usr/local/texlive/2012/texmf-dist/tex/latex/base/utf8.def) [19] [20]
Overfull \hbox (0.78088pt too wide) in paragraph at lines 1514--1514
 []\T1/fi4/m/n/9 dst_filename_original  <- system.file("external/tahoe_highrez.
tif", package="gdalUtils")[] 
[21] (/usr/local/texlive/2012/texmf-dist/tex/latex/base/utf8.def) [22]
(/usr/local/texlive/2012/texmf-dist/tex/latex/base/utf8.def)
Overfull \hbox (161.39542pt too wide) in paragraph at lines 1650--1653
[]\T1/ptm/m/n/10 Character. ("Byte"/"Int16"/"UInt16"/"UInt32"/"Int32"/"Float32"
/"Float64"/"CInt16"/"CInt32"/"CFloat32"/"CFloat64").
[23] [24] [25]
Overfull \hbox (18.78088pt too wide) in paragraph at lines 1841--1841
 []\T1/fi4/m/n/9 gdal_translate(src_dataset,"tahoe_highrez_tiled.tif",of="GTiff
",co="TILED=YES",verbose=TRUE)[] 
(/usr/local/texlive/2012/texmf-dist/tex/latex/base/utf8.def) [26]
(/usr/local/texlive/2012/texmf-dist/tex/latex/base/utf8.def) [27]
Overfull \hbox (36.78088pt too wide) in paragraph at lines 1993--1993
 []\T1/fi4/m/n/9 mosaic_rasters(gdalfile=c(layer1,layer2),dst_dataset="test_mos
aic.envi",separate=TRUE,of="ENVI",[] 
(/usr/local/texlive/2012/texmf-dist/tex/latex/base/utf8.def) [28] [29]
Overfull \hbox (1.88672pt too wide) in paragraph at lines 2166--2169
[]\T1/ptm/m/n/10 Logical. (start-ing with GDAL 1.7.0) split ge-ome-tries cross-
ing the date-line merid-
[30]
Overfull \hbox (1.25682pt too wide) in paragraph at lines 2175--2180
[]\T1/ptm/m/n/10 Numeric. (start-ing with GDAL 1.9.0) dis-tance tol-er-ance for
 sim-pli-fi-ca-tion. Note:
[31]
Overfull \hbox (27.78088pt too wide) in paragraph at lines 2297--2297
 []\T1/fi4/m/n/9 src_datasource_name <- system.file("external/tahoe_highrez_tra
ining.shp", package="gdalUtils")[] 

Overfull \hbox (36.78088pt too wide) in paragraph at lines 2302--2302
 []\T1/fi4/m/n/9 ogrinfo(dirname(dst_datasource_name),layer=remove_file_extensi
on(basename(dst_datasource_name)))[] 
(/usr/local/texlive/2012/texmf-dist/tex/latex/base/utf8.def) [32] [33]
Overfull \hbox (9.78088pt too wide) in paragraph at lines 2441--2441
 []\T1/fi4/m/n/9 datasource_name <- system.file("external/tahoe_highrez_trainin
g.shp", package="gdalUtils")[] 
(/usr/local/texlive/2012/texmf-dist/tex/latex/base/utf8.def) [34]
(/usr/local/texlive/2012/texmf-dist/tex/latex/base/utf8.def) [35]
(/usr/local/texlive/2012/texmf-dist/tex/latex/base/utf8.def)
(/usr/local/texlive/2012/texmf-dist/tex/latex/base/utf8.def)
(/usr/local/texlive/2012/texmf-dist/tex/latex/base/utf8.def) [36]
(/usr/local/texlive/2012/texmf-dist/tex/latex/base/utf8.def)
No file Rd2.ind.
[37] (./Rd2.aux)

Package rerunfilecheck Warning: File `Rd2.out' has changed.
(rerunfilecheck)                Rerun to get outlines right
(rerunfilecheck)                or use package `bookmark'.

 )
(see the transcript file for additional information)pdfTeX warning (dest): name
{Rfn.list.files} has been referenced but does not exist, replaced by a fixed on
e

{/usr/local/texlive/2012/texmf-dist/fonts/enc/dvips/base/8r.enc}{/usr/local/tex
live/2012/texmf-dist/fonts/enc/dvips/inconsolata/fi4-ec.enc}</usr/local/texlive
/2012/texmf-dist/fonts/type1/public/inconsolata/Inconsolata.pfb></usr/local/tex
live/2012/texmf-dist/fonts/type1/urw/helvetic/uhvr8a.pfb></usr/local/texlive/20
12/texmf-dist/fonts/type1/urw/times/utmb8a.pfb></usr/local/texlive/2012/texmf-d
ist/fonts/type1/urw/times/utmr8a.pfb></usr/local/texlive/2012/texmf-dist/fonts/
type1/urw/times/utmr8a.pfb></usr/local/texlive/2012/texmf-dist/fonts/type1/urw/
times/utmri8a.pfb>
Output written on Rd2.pdf (37 pages, 149892 bytes).
Transcript written on Rd2.log.
This is makeindex, version 2.15 [TeX Live 2012] (kpathsea + Thai support).
Scanning input file ./Rd2.idx....done (35 entries accepted, 0 rejected).
Sorting entries....done (196 comparisons).
Generating output file ./Rd2.ind....done (58 lines written, 0 warnings).
Output written in ./Rd2.ind.
Transcript written in ./Rd2.ilg.
This is pdfTeX, Version 3.1415926-2.4-1.40.13 (TeX Live 2012)
 restricted \write18 enabled.
entering extended mode

(/private/var/folders/7k/6j77__7n6kz0st6bphc3hn080000gn/T/RtmpCrqkK5/Rd2pdf7351
6d1969ee/Rd2.tex
LaTeX2e <2011/06/27>
Babel <v3.8m> and hyphenation patterns for english, dumylang, nohyphenation, ge
rman-x-2012-05-30, ngerman-x-2012-05-30, afrikaans, ancientgreek, ibycus, arabi
c, armenian, basque, bulgarian, catalan, pinyin, coptic, croatian, czech, danis
h, dutch, ukenglish, usenglishmax, esperanto, estonian, ethiopic, farsi, finnis
h, french, friulan, galician, german, ngerman, swissgerman, monogreek, greek, h
ungarian, icelandic, assamese, bengali, gujarati, hindi, kannada, malayalam, ma
rathi, oriya, panjabi, tamil, telugu, indonesian, interlingua, irish, italian, 
kurmanji, latin, latvian, lithuanian, mongolian, mongolianlmc, bokmal, nynorsk,
 polish, portuguese, romanian, romansh, russian, sanskrit, serbian, serbianc, s
lovak, slovenian, spanish, swedish, turkish, turkmen, ukrainian, uppersorbian, 
welsh, loaded.

(/usr/local/texlive/2012/texmf-dist/tex/latex/base/book.cls
Document Class: book 2007/10/19 v1.4h Standard LaTeX document class
(/usr/local/texlive/2012/texmf-dist/tex/latex/base/bk10.clo))
(/Library/Frameworks/R.framework/Resources/share/texmf/tex/latex/Rd.sty
(/usr/local/texlive/2012/texmf-dist/tex/latex/base/ifthen.sty)
(/usr/local/texlive/2012/texmf-dist/tex/latex/tools/longtable.sty)
(/usr/local/texlive/2012/texmf-dist/tex/latex/tools/bm.sty)
(/usr/local/texlive/2012/texmf-dist/tex/latex/base/alltt.sty)
(/usr/local/texlive/2012/texmf-dist/tex/latex/tools/verbatim.sty)
(/usr/local/texlive/2012/texmf-dist/tex/latex/url/url.sty)
(/usr/local/texlive/2012/texmf-dist/tex/latex/base/textcomp.sty
(/usr/local/texlive/2012/texmf-dist/tex/latex/base/ts1enc.def))
(/usr/local/texlive/2012/texmf-dist/tex/latex/base/fontenc.sty
(/usr/local/texlive/2012/texmf-dist/tex/latex/base/t1enc.def))
(/usr/local/texlive/2012/texmf-dist/tex/latex/psnfss/times.sty)
(/usr/local/texlive/2012/texmf-dist/tex/latex/inconsolata/inconsolata.sty
(/usr/local/texlive/2012/texmf-dist/tex/latex/graphics/keyval.sty))
(/usr/local/texlive/2012/texmf-dist/tex/latex/graphics/color.sty
(/usr/local/texlive/2012/texmf-dist/tex/latex/latexconfig/color.cfg)
(/usr/local/texlive/2012/texmf-dist/tex/latex/pdftex-def/pdftex.def
(/usr/local/texlive/2012/texmf-dist/tex/generic/oberdiek/infwarerr.sty)
(/usr/local/texlive/2012/texmf-dist/tex/generic/oberdiek/ltxcmds.sty)))
(/usr/local/texlive/2012/texmf-dist/tex/latex/hyperref/hyperref.sty
(/usr/local/texlive/2012/texmf-dist/tex/generic/oberdiek/hobsub-hyperref.sty
(/usr/local/texlive/2012/texmf-dist/tex/generic/oberdiek/hobsub-generic.sty))
(/usr/local/texlive/2012/texmf-dist/tex/generic/ifxetex/ifxetex.sty)
(/usr/local/texlive/2012/texmf-dist/tex/latex/oberdiek/kvoptions.sty)
(/usr/local/texlive/2012/texmf-dist/tex/latex/hyperref/pd1enc.def)
(/usr/local/texlive/2012/texmf-dist/tex/latex/latexconfig/hyperref.cfg))

Package hyperref Message: Driver (autodetected): hpdftex.

(/usr/local/texlive/2012/texmf-dist/tex/latex/hyperref/hpdftex.def
(/usr/local/texlive/2012/texmf-dist/tex/latex/oberdiek/rerunfilecheck.sty))

Package hyperref Warning: Option `hyperindex' has already been used,
(hyperref)                setting the option has no effect on input line 361.


Package hyperref Warning: Option `pagebackref' has already been used,
(hyperref)                setting the option has no effect on input line 361.

) (/usr/local/texlive/2012/texmf-dist/tex/latex/base/makeidx.sty)
(/usr/local/texlive/2012/texmf-dist/tex/latex/base/inputenc.sty
(/usr/local/texlive/2012/texmf-dist/tex/latex/base/utf8.def
(/usr/local/texlive/2012/texmf-dist/tex/latex/base/t1enc.dfu)
(/usr/local/texlive/2012/texmf-dist/tex/latex/base/ot1enc.dfu)
(/usr/local/texlive/2012/texmf-dist/tex/latex/base/omsenc.dfu)
(/usr/local/texlive/2012/texmf-dist/tex/latex/base/ts1enc.dfu))
(/usr/local/texlive/2012/texmf-dist/tex/latex/base/latin1.def))
Writing index file Rd2.idx
(./Rd2.aux) (/usr/local/texlive/2012/texmf-dist/tex/latex/base/ts1cmr.fd)
(/usr/local/texlive/2012/texmf-dist/tex/latex/psnfss/t1ptm.fd)
(/usr/local/texlive/2012/texmf-dist/tex/context/base/supp-pdf.mkii
[Loading MPS to PDF converter (version 2006.09.02).]
) (/usr/local/texlive/2012/texmf-dist/tex/latex/hyperref/nameref.sty
(/usr/local/texlive/2012/texmf-dist/tex/generic/oberdiek/gettitlestring.sty))
(./Rd2.out) (./Rd2.out)
(/usr/local/texlive/2012/texmf-dist/tex/latex/inconsolata/t1fi4.fd)
(/usr/local/texlive/2012/texmf-dist/tex/latex/psnfss/t1phv.fd) (./Rd2.toc
[1{/usr/local/texlive/2012/texmf-var/fonts/map/pdftex/updmap/pdftex.map}])
(/usr/local/texlive/2012/texmf-dist/tex/latex/base/utf8.def) [2]
(/usr/local/texlive/2012/texmf-dist/tex/latex/base/utf8.def)
Overfull \hbox (50.9077pt too wide) in paragraph at lines 144--147
[]\T1/ptm/m/n/10 Character. ("near-est"|"average"|"gauss"|"cubic"|"average_mp"|
"average_magphase"|"mode")
[3] (/usr/local/texlive/2012/texmf-dist/tex/latex/inconsolata/ts1fi4.fd)
(/usr/local/texlive/2012/texmf-dist/tex/latex/base/utf8.def)
Overfull \hbox (4.78088pt too wide) in paragraph at lines 229--229
 []\T1/fi4/m/n/10 gdalbuildvrt(gdalfile, output.vrt, tileindex, resolution, te,
 tr, tap, separate,[] 
[4] [5] [6] (/usr/local/texlive/2012/texmf-dist/tex/latex/base/utf8.def)
Overfull \hbox (0.19722pt too wide) in paragraph at lines 433--435
[]\T1/ptm/m/n/10 Character. ("hillshade"|"slope"|"aspect"|"color-relief"|"TRI"|
"TPI"|"roughness") 
[7] [8]
Overfull \hbox (8.18913pt too wide) in paragraph at lines 561--564
[]\T1/ptm/m/n/10 Jonathan A. Green-berg (\T1/fi4/m/n/10 <gdalUtils@estarcion.ne
t>\T1/ptm/m/n/10 ) (wrap-per) and Matthew Perry, Even Rouault,
[9] (/usr/local/texlive/2012/texmf-dist/tex/latex/base/utf8.def) [10] [11]
(/usr/local/texlive/2012/texmf-dist/tex/latex/base/utf8.def)
Overfull \hbox (151.8257pt too wide) in paragraph at lines 813--815
[]\T1/ptm/m/n/10 Character. Out-put type ("de-fault"|"all"|"wkt_all"|"proj4"|"w
kt"|"wkt_simple"|"wkt_noct"|"wkt_esri"|"mapinfo"|"xml") 
[12] (/usr/local/texlive/2012/texmf-dist/tex/latex/base/utf8.def) [13]
Overfull \hbox (1.84784pt too wide) in paragraph at lines 909--915
\T1/ptm/m/n/10 passed are any-thing sup-ported by the OGRSpa-tial-Ref-er-ence.S
etFromUserInput()

Overfull \hbox (84.3066pt too wide) in paragraph at lines 979--982
[]\T1/ptm/m/n/10 Character. re-sam-pling_method. ("near"|"bilinear"|"cubic"|"cu
bicspline"|"lanczos"|"average"|"mode")
[14] [15] [16] (/usr/local/texlive/2012/texmf-dist/tex/latex/base/utf8.def)
Overfull \hbox (18.82602pt too wide) in paragraph at lines 1162--1170
[]\T1/ptm/m/n/10 By de-fault, the GDAL com-mands will use the in-stal-la-tion f
ound at getOp-tion("gdalUtils_gdalPath")[[1]],
(/usr/local/texlive/2012/texmf-dist/tex/latex/base/utf8.def) [17]
Overfull \hbox (28.15579pt too wide) in paragraph at lines 1252--1259
\T1/ptm/m/n/10 the gdal_installation_id can be used to set a dif-fer-ent in-sta
ll. This is of-ten used with gdal_chooseInstallation
[18] [19] (/usr/local/texlive/2012/texmf-dist/tex/latex/base/utf8.def) [20]
[21]
Overfull \hbox (0.78088pt too wide) in paragraph at lines 1514--1514
 []\T1/fi4/m/n/9 dst_filename_original  <- system.file("external/tahoe_highrez.
tif", package="gdalUtils")[] 
(/usr/local/texlive/2012/texmf-dist/tex/latex/base/utf8.def) [22] [23]
(/usr/local/texlive/2012/texmf-dist/tex/latex/base/utf8.def)
Overfull \hbox (161.39542pt too wide) in paragraph at lines 1650--1653
[]\T1/ptm/m/n/10 Character. ("Byte"/"Int16"/"UInt16"/"UInt32"/"Int32"/"Float32"
/"Float64"/"CInt16"/"CInt32"/"CFloat32"/"CFloat64").
[24] [25]
Overfull \hbox (18.78088pt too wide) in paragraph at lines 1841--1841
 []\T1/fi4/m/n/9 gdal_translate(src_dataset,"tahoe_highrez_tiled.tif",of="GTiff
",co="TILED=YES",verbose=TRUE)[] 
[26] (/usr/local/texlive/2012/texmf-dist/tex/latex/base/utf8.def)
(/usr/local/texlive/2012/texmf-dist/tex/latex/base/utf8.def) [27]
Overfull \hbox (36.78088pt too wide) in paragraph at lines 1993--1993
 []\T1/fi4/m/n/9 mosaic_rasters(gdalfile=c(layer1,layer2),dst_dataset="test_mos
aic.envi",separate=TRUE,of="ENVI",[] 
[28] (/usr/local/texlive/2012/texmf-dist/tex/latex/base/utf8.def) [29] [30]
Overfull \hbox (1.88672pt too wide) in paragraph at lines 2166--2169
[]\T1/ptm/m/n/10 Logical. (start-ing with GDAL 1.7.0) split ge-ome-tries cross-
ing the date-line merid-

Overfull \hbox (1.25682pt too wide) in paragraph at lines 2175--2180
[]\T1/ptm/m/n/10 Numeric. (start-ing with GDAL 1.9.0) dis-tance tol-er-ance for
 sim-pli-fi-ca-tion. Note:
[31]
Overfull \hbox (27.78088pt too wide) in paragraph at lines 2297--2297
 []\T1/fi4/m/n/9 src_datasource_name <- system.file("external/tahoe_highrez_tra
ining.shp", package="gdalUtils")[] 

Overfull \hbox (36.78088pt too wide) in paragraph at lines 2302--2302
 []\T1/fi4/m/n/9 ogrinfo(dirname(dst_datasource_name),layer=remove_file_extensi
on(basename(dst_datasource_name)))[] 
(/usr/local/texlive/2012/texmf-dist/tex/latex/base/utf8.def) [32] [33]
Overfull \hbox (9.78088pt too wide) in paragraph at lines 2441--2441
 []\T1/fi4/m/n/9 datasource_name <- system.file("external/tahoe_highrez_trainin
g.shp", package="gdalUtils")[] 
(/usr/local/texlive/2012/texmf-dist/tex/latex/base/utf8.def) [34]
(/usr/local/texlive/2012/texmf-dist/tex/latex/base/utf8.def) [35]
(/usr/local/texlive/2012/texmf-dist/tex/latex/base/utf8.def)
(/usr/local/texlive/2012/texmf-dist/tex/latex/base/utf8.def)
(/usr/local/texlive/2012/texmf-dist/tex/latex/base/utf8.def) [36]
(/usr/local/texlive/2012/texmf-dist/tex/latex/base/utf8.def) (./Rd2.ind
[37] [38]) (./Rd2.aux)

Package rerunfilecheck Warning: File `Rd2.out' has changed.
(rerunfilecheck)                Rerun to get outlines right
(rerunfilecheck)                or use package `bookmark'.

 )
(see the transcript file for additional information)pdfTeX warning (dest): name
{Rfn.list.files} has been referenced but does not exist, replaced by a fixed on
e

{/usr/local/texlive/2012/texmf-dist/fonts/enc/dvips/base/8r.enc}{/usr/local/tex
live/2012/texmf-dist/fonts/enc/dvips/inconsolata/fi4-ec.enc}</usr/local/texlive
/2012/texmf-dist/fonts/type1/public/inconsolata/Inconsolata.pfb></usr/local/tex
live/2012/texmf-dist/fonts/type1/public/amsfonts/cm/cmsy10.pfb></usr/local/texl
ive/2012/texmf-dist/fonts/type1/urw/helvetic/uhvr8a.pfb></usr/local/texlive/201
2/texmf-dist/fonts/type1/urw/times/utmb8a.pfb></usr/local/texlive/2012/texmf-di
st/fonts/type1/urw/times/utmr8a.pfb></usr/local/texlive/2012/texmf-dist/fonts/t
ype1/urw/times/utmr8a.pfb></usr/local/texlive/2012/texmf-dist/fonts/type1/urw/t
imes/utmri8a.pfb>
Output written on Rd2.pdf (38 pages, 161856 bytes).
Transcript written on Rd2.log.
This is makeindex, version 2.15 [TeX Live 2012] (kpathsea + Thai support).
Scanning input file ./Rd2.idx....done (35 entries accepted, 0 rejected).
Sorting entries....done (192 comparisons).
Generating output file ./Rd2.ind....done (58 lines written, 0 warnings).
Output written in ./Rd2.ind.
Transcript written in ./Rd2.ilg.
This is pdfTeX, Version 3.1415926-2.4-1.40.13 (TeX Live 2012)
 restricted \write18 enabled.
entering extended mode

(/private/var/folders/7k/6j77__7n6kz0st6bphc3hn080000gn/T/RtmpCrqkK5/Rd2pdf7351
6d1969ee/Rd2.tex
LaTeX2e <2011/06/27>
Babel <v3.8m> and hyphenation patterns for english, dumylang, nohyphenation, ge
rman-x-2012-05-30, ngerman-x-2012-05-30, afrikaans, ancientgreek, ibycus, arabi
c, armenian, basque, bulgarian, catalan, pinyin, coptic, croatian, czech, danis
h, dutch, ukenglish, usenglishmax, esperanto, estonian, ethiopic, farsi, finnis
h, french, friulan, galician, german, ngerman, swissgerman, monogreek, greek, h
ungarian, icelandic, assamese, bengali, gujarati, hindi, kannada, malayalam, ma
rathi, oriya, panjabi, tamil, telugu, indonesian, interlingua, irish, italian, 
kurmanji, latin, latvian, lithuanian, mongolian, mongolianlmc, bokmal, nynorsk,
 polish, portuguese, romanian, romansh, russian, sanskrit, serbian, serbianc, s
lovak, slovenian, spanish, swedish, turkish, turkmen, ukrainian, uppersorbian, 
welsh, loaded.

(/usr/local/texlive/2012/texmf-dist/tex/latex/base/book.cls
Document Class: book 2007/10/19 v1.4h Standard LaTeX document class
(/usr/local/texlive/2012/texmf-dist/tex/latex/base/bk10.clo))
(/Library/Frameworks/R.framework/Resources/share/texmf/tex/latex/Rd.sty
(/usr/local/texlive/2012/texmf-dist/tex/latex/base/ifthen.sty)
(/usr/local/texlive/2012/texmf-dist/tex/latex/tools/longtable.sty)
(/usr/local/texlive/2012/texmf-dist/tex/latex/tools/bm.sty)
(/usr/local/texlive/2012/texmf-dist/tex/latex/base/alltt.sty)
(/usr/local/texlive/2012/texmf-dist/tex/latex/tools/verbatim.sty)
(/usr/local/texlive/2012/texmf-dist/tex/latex/url/url.sty)
(/usr/local/texlive/2012/texmf-dist/tex/latex/base/textcomp.sty
(/usr/local/texlive/2012/texmf-dist/tex/latex/base/ts1enc.def))
(/usr/local/texlive/2012/texmf-dist/tex/latex/base/fontenc.sty
(/usr/local/texlive/2012/texmf-dist/tex/latex/base/t1enc.def))
(/usr/local/texlive/2012/texmf-dist/tex/latex/psnfss/times.sty)
(/usr/local/texlive/2012/texmf-dist/tex/latex/inconsolata/inconsolata.sty
(/usr/local/texlive/2012/texmf-dist/tex/latex/graphics/keyval.sty))
(/usr/local/texlive/2012/texmf-dist/tex/latex/graphics/color.sty
(/usr/local/texlive/2012/texmf-dist/tex/latex/latexconfig/color.cfg)
(/usr/local/texlive/2012/texmf-dist/tex/latex/pdftex-def/pdftex.def
(/usr/local/texlive/2012/texmf-dist/tex/generic/oberdiek/infwarerr.sty)
(/usr/local/texlive/2012/texmf-dist/tex/generic/oberdiek/ltxcmds.sty)))
(/usr/local/texlive/2012/texmf-dist/tex/latex/hyperref/hyperref.sty
(/usr/local/texlive/2012/texmf-dist/tex/generic/oberdiek/hobsub-hyperref.sty
(/usr/local/texlive/2012/texmf-dist/tex/generic/oberdiek/hobsub-generic.sty))
(/usr/local/texlive/2012/texmf-dist/tex/generic/ifxetex/ifxetex.sty)
(/usr/local/texlive/2012/texmf-dist/tex/latex/oberdiek/kvoptions.sty)
(/usr/local/texlive/2012/texmf-dist/tex/latex/hyperref/pd1enc.def)
(/usr/local/texlive/2012/texmf-dist/tex/latex/latexconfig/hyperref.cfg))

Package hyperref Message: Driver (autodetected): hpdftex.

(/usr/local/texlive/2012/texmf-dist/tex/latex/hyperref/hpdftex.def
(/usr/local/texlive/2012/texmf-dist/tex/latex/oberdiek/rerunfilecheck.sty))

Package hyperref Warning: Option `hyperindex' has already been used,
(hyperref)                setting the option has no effect on input line 361.


Package hyperref Warning: Option `pagebackref' has already been used,
(hyperref)                setting the option has no effect on input line 361.

) (/usr/local/texlive/2012/texmf-dist/tex/latex/base/makeidx.sty)
(/usr/local/texlive/2012/texmf-dist/tex/latex/base/inputenc.sty
(/usr/local/texlive/2012/texmf-dist/tex/latex/base/utf8.def
(/usr/local/texlive/2012/texmf-dist/tex/latex/base/t1enc.dfu)
(/usr/local/texlive/2012/texmf-dist/tex/latex/base/ot1enc.dfu)
(/usr/local/texlive/2012/texmf-dist/tex/latex/base/omsenc.dfu)
(/usr/local/texlive/2012/texmf-dist/tex/latex/base/ts1enc.dfu))
(/usr/local/texlive/2012/texmf-dist/tex/latex/base/latin1.def))
Writing index file Rd2.idx
(./Rd2.aux) (/usr/local/texlive/2012/texmf-dist/tex/latex/base/ts1cmr.fd)
(/usr/local/texlive/2012/texmf-dist/tex/latex/psnfss/t1ptm.fd)
(/usr/local/texlive/2012/texmf-dist/tex/context/base/supp-pdf.mkii
[Loading MPS to PDF converter (version 2006.09.02).]
) (/usr/local/texlive/2012/texmf-dist/tex/latex/hyperref/nameref.sty
(/usr/local/texlive/2012/texmf-dist/tex/generic/oberdiek/gettitlestring.sty))
(./Rd2.out) (./Rd2.out)
(/usr/local/texlive/2012/texmf-dist/tex/latex/inconsolata/t1fi4.fd)
(/usr/local/texlive/2012/texmf-dist/tex/latex/psnfss/t1phv.fd) (./Rd2.toc
[1{/usr/local/texlive/2012/texmf-var/fonts/map/pdftex/updmap/pdftex.map}])
(/usr/local/texlive/2012/texmf-dist/tex/latex/base/utf8.def) [2]
(/usr/local/texlive/2012/texmf-dist/tex/latex/base/utf8.def)
Overfull \hbox (50.9077pt too wide) in paragraph at lines 144--147
[]\T1/ptm/m/n/10 Character. ("near-est"|"average"|"gauss"|"cubic"|"average_mp"|
"average_magphase"|"mode")
[3] (/usr/local/texlive/2012/texmf-dist/tex/latex/inconsolata/ts1fi4.fd)
(/usr/local/texlive/2012/texmf-dist/tex/latex/base/utf8.def)
Overfull \hbox (4.78088pt too wide) in paragraph at lines 229--229
 []\T1/fi4/m/n/10 gdalbuildvrt(gdalfile, output.vrt, tileindex, resolution, te,
 tr, tap, separate,[] 
[4] [5] [6] (/usr/local/texlive/2012/texmf-dist/tex/latex/base/utf8.def)
Overfull \hbox (0.19722pt too wide) in paragraph at lines 433--435
[]\T1/ptm/m/n/10 Character. ("hillshade"|"slope"|"aspect"|"color-relief"|"TRI"|
"TPI"|"roughness") 
[7] [8]
Overfull \hbox (8.18913pt too wide) in paragraph at lines 561--564
[]\T1/ptm/m/n/10 Jonathan A. Green-berg (\T1/fi4/m/n/10 <gdalUtils@estarcion.ne
t>\T1/ptm/m/n/10 ) (wrap-per) and Matthew Perry, Even Rouault,
[9] (/usr/local/texlive/2012/texmf-dist/tex/latex/base/utf8.def) [10] [11]
(/usr/local/texlive/2012/texmf-dist/tex/latex/base/utf8.def)
Overfull \hbox (151.8257pt too wide) in paragraph at lines 813--815
[]\T1/ptm/m/n/10 Character. Out-put type ("de-fault"|"all"|"wkt_all"|"proj4"|"w
kt"|"wkt_simple"|"wkt_noct"|"wkt_esri"|"mapinfo"|"xml") 
[12] (/usr/local/texlive/2012/texmf-dist/tex/latex/base/utf8.def) [13]
Overfull \hbox (1.84784pt too wide) in paragraph at lines 909--915
\T1/ptm/m/n/10 passed are any-thing sup-ported by the OGRSpa-tial-Ref-er-ence.S
etFromUserInput()

Overfull \hbox (84.3066pt too wide) in paragraph at lines 979--982
[]\T1/ptm/m/n/10 Character. re-sam-pling_method. ("near"|"bilinear"|"cubic"|"cu
bicspline"|"lanczos"|"average"|"mode")
[14] [15] [16] (/usr/local/texlive/2012/texmf-dist/tex/latex/base/utf8.def)
Overfull \hbox (18.82602pt too wide) in paragraph at lines 1162--1170
[]\T1/ptm/m/n/10 By de-fault, the GDAL com-mands will use the in-stal-la-tion f
ound at getOp-tion("gdalUtils_gdalPath")[[1]],
(/usr/local/texlive/2012/texmf-dist/tex/latex/base/utf8.def) [17]
Overfull \hbox (28.15579pt too wide) in paragraph at lines 1252--1259
\T1/ptm/m/n/10 the gdal_installation_id can be used to set a dif-fer-ent in-sta
ll. This is of-ten used with gdal_chooseInstallation
[18] [19] (/usr/local/texlive/2012/texmf-dist/tex/latex/base/utf8.def) [20]
[21]
Overfull \hbox (0.78088pt too wide) in paragraph at lines 1514--1514
 []\T1/fi4/m/n/9 dst_filename_original  <- system.file("external/tahoe_highrez.
tif", package="gdalUtils")[] 
(/usr/local/texlive/2012/texmf-dist/tex/latex/base/utf8.def) [22] [23]
(/usr/local/texlive/2012/texmf-dist/tex/latex/base/utf8.def)
Overfull \hbox (161.39542pt too wide) in paragraph at lines 1650--1653
[]\T1/ptm/m/n/10 Character. ("Byte"/"Int16"/"UInt16"/"UInt32"/"Int32"/"Float32"
/"Float64"/"CInt16"/"CInt32"/"CFloat32"/"CFloat64").
[24] [25]
Overfull \hbox (18.78088pt too wide) in paragraph at lines 1841--1841
 []\T1/fi4/m/n/9 gdal_translate(src_dataset,"tahoe_highrez_tiled.tif",of="GTiff
",co="TILED=YES",verbose=TRUE)[] 
[26] (/usr/local/texlive/2012/texmf-dist/tex/latex/base/utf8.def)
(/usr/local/texlive/2012/texmf-dist/tex/latex/base/utf8.def) [27]
Overfull \hbox (36.78088pt too wide) in paragraph at lines 1993--1993
 []\T1/fi4/m/n/9 mosaic_rasters(gdalfile=c(layer1,layer2),dst_dataset="test_mos
aic.envi",separate=TRUE,of="ENVI",[] 
[28] (/usr/local/texlive/2012/texmf-dist/tex/latex/base/utf8.def) [29] [30]
Overfull \hbox (1.88672pt too wide) in paragraph at lines 2166--2169
[]\T1/ptm/m/n/10 Logical. (start-ing with GDAL 1.7.0) split ge-ome-tries cross-
ing the date-line merid-

Overfull \hbox (1.25682pt too wide) in paragraph at lines 2175--2180
[]\T1/ptm/m/n/10 Numeric. (start-ing with GDAL 1.9.0) dis-tance tol-er-ance for
 sim-pli-fi-ca-tion. Note:
[31]
Overfull \hbox (27.78088pt too wide) in paragraph at lines 2297--2297
 []\T1/fi4/m/n/9 src_datasource_name <- system.file("external/tahoe_highrez_tra
ining.shp", package="gdalUtils")[] 

Overfull \hbox (36.78088pt too wide) in paragraph at lines 2302--2302
 []\T1/fi4/m/n/9 ogrinfo(dirname(dst_datasource_name),layer=remove_file_extensi
on(basename(dst_datasource_name)))[] 
(/usr/local/texlive/2012/texmf-dist/tex/latex/base/utf8.def) [32] [33]
Overfull \hbox (9.78088pt too wide) in paragraph at lines 2441--2441
 []\T1/fi4/m/n/9 datasource_name <- system.file("external/tahoe_highrez_trainin
g.shp", package="gdalUtils")[] 
(/usr/local/texlive/2012/texmf-dist/tex/latex/base/utf8.def) [34]
(/usr/local/texlive/2012/texmf-dist/tex/latex/base/utf8.def) [35]
(/usr/local/texlive/2012/texmf-dist/tex/latex/base/utf8.def)
(/usr/local/texlive/2012/texmf-dist/tex/latex/base/utf8.def)
(/usr/local/texlive/2012/texmf-dist/tex/latex/base/utf8.def) [36]
(/usr/local/texlive/2012/texmf-dist/tex/latex/base/utf8.def) (./Rd2.ind
[37] [38]) (./Rd2.aux) )
(see the transcript file for additional information)pdfTeX warning (dest): name
{Rfn.list.files} has been referenced but does not exist, replaced by a fixed on
e

{/usr/local/texlive/2012/texmf-dist/fonts/enc/dvips/base/8r.enc}{/usr/local/tex
live/2012/texmf-dist/fonts/enc/dvips/inconsolata/fi4-ec.enc}</usr/local/texlive
/2012/texmf-dist/fonts/type1/public/inconsolata/Inconsolata.pfb></usr/local/tex
live/2012/texmf-dist/fonts/type1/public/amsfonts/cm/cmsy10.pfb></usr/local/texl
ive/2012/texmf-dist/fonts/type1/urw/helvetic/uhvr8a.pfb></usr/local/texlive/201
2/texmf-dist/fonts/type1/urw/times/utmb8a.pfb></usr/local/texlive/2012/texmf-di
st/fonts/type1/urw/times/utmr8a.pfb></usr/local/texlive/2012/texmf-dist/fonts/t
ype1/urw/times/utmr8a.pfb></usr/local/texlive/2012/texmf-dist/fonts/type1/urw/t
imes/utmri8a.pfb>
Output written on Rd2.pdf (38 pages, 163042 bytes).
Transcript written on Rd2.log.
Saving output to 'gdalUtils-manual.pdf' ...
Done
You may want to clean up by 'rm -rf /var/folders/7k/6j77__7n6kz0st6bphc3hn080000gn/T//RtmpCrqkK5/Rd2pdf73516d1969ee'
